<?xml version="1.0" encoding="UTF-8"?>
<testng-results ignored="0" total="1" passed="1" failed="0" skipped="0">
  <reporter-output>
  </reporter-output>
  <suite started-at="2017-12-13T06:15:43Z" name="Suite1" finished-at="2017-12-13T06:15:58Z" duration-ms="14957">
    <groups>
    </groups>
    <test started-at="2017-12-13T06:15:43Z" name="Booking" finished-at="2017-12-13T06:15:58Z" duration-ms="14957">
      <class name="demo.BookingTest">
        <test-method is-config="true" signature="beforeMethod(java.lang.String, java.lang.String)[pri:0, instance:demo.BookingTest@34dd8fde]" started-at="2017-12-13T13:15:43Z" name="beforeMethod" finished-at="2017-12-13T13:15:47Z" duration-ms="4095" status="PASS">
          <params>
            <param index="0">
              <value>
                <![CDATA[chrome]]>
              </value>
            </param>
            <param index="1">
              <value>
                <![CDATA[mac]]>
              </value>
            </param>
          </params>
          <reporter-output>
          </reporter-output>
        </test-method> <!-- beforeMethod -->
        <test-method signature="TicketInforCheck()[pri:0, instance:demo.BookingTest@34dd8fde]" started-at="2017-12-13T13:15:47Z" name="TicketInforCheck" finished-at="2017-12-13T13:15:58Z" duration-ms="10836" status="PASS">
          <reporter-output>
          </reporter-output>
        </test-method> <!-- TicketInforCheck -->
        <test-method is-config="true" signature="afterMethod()[pri:0, instance:demo.BookingTest@34dd8fde]" started-at="2017-12-13T13:15:58Z" name="afterMethod" finished-at="2017-12-13T13:15:58Z" duration-ms="1" status="PASS">
          <reporter-output>
          </reporter-output>
        </test-method> <!-- afterMethod -->
      </class> <!-- demo.BookingTest -->
    </test> <!-- Booking -->
  </suite> <!-- Suite1 -->
</testng-results>
